<?xml version="1.0" encoding="UTF-8"?>
<!-- Generated by org.testng.reporters.JUnitReportReporter -->
<testsuite hostname="DESKTOP-HJ18R61" name="batchexecution.FourthTest" tests="1" failures="0" timestamp="25 Jan 2023 12:40:44 GMT" time="0.003" errors="0">
  <testcase name="fourthTest" time="0.003" classname="batchexecution.FourthTest"/>
</testsuite> <!-- batchexecution.FourthTest -->
