<?xml version="1.0" encoding="UTF-8"?>
<!-- Generated by org.testng.reporters.JUnitReportReporter -->
<testsuite hostname="DESKTOP-HJ18R61" name="xmlParameterization.PracticeTest" tests="1" failures="0" timestamp="8 Jan 2023 11:56:09 GMT" time="0.040" errors="0">
  <testcase name="demoTest" time="0.040" classname="xmlParameterization.PracticeTest"/>
</testsuite> <!-- xmlParameterization.PracticeTest -->
