<?xml version="1.0" encoding="UTF-8"?>
<!-- Generated by org.testng.reporters.JUnitReportReporter -->
<testsuite hostname="DESKTOP-HJ18R61" name="batchexecution.SecondTest" tests="1" failures="0" timestamp="25 Jan 2023 12:40:44 GMT" time="0.002" errors="0">
  <testcase name="secondTest" time="0.002" classname="batchexecution.SecondTest"/>
</testsuite> <!-- batchexecution.SecondTest -->
