<?xml version="1.0" encoding="UTF-8"?>
<!-- Generated by org.testng.reporters.JUnitReportReporter -->
<testsuite hostname="DESKTOP-HJ18R61" name="distributedParallel.FifthTest" tests="1" failures="0" timestamp="26 Jan 2023 11:57:30 GMT" time="0.029" errors="0">
  <testcase name="fifthTest" time="0.029" classname="distributedParallel.FifthTest"/>
</testsuite> <!-- distributedParallel.FifthTest -->
