<?xml version="1.0" encoding="UTF-8"?>
<!-- Generated by org.testng.reporters.JUnitReportReporter -->
<testsuite hostname="DESKTOP-HJ18R61" name="testng.PriorityPractice" tests="5" failures="0" timestamp="24 Jan 2023 11:49:12 GMT" time="0.050" errors="0">
  <testcase name="test3" time="0.031" classname="testng.PriorityPractice"/>
  <testcase name="test0" time="0.004" classname="testng.PriorityPractice"/>
  <testcase name="test1" time="0.006" classname="testng.PriorityPractice"/>
  <testcase name="test4" time="0.002" classname="testng.PriorityPractice"/>
  <testcase name="test2" time="0.007" classname="testng.PriorityPractice"/>
</testsuite> <!-- testng.PriorityPractice -->
