<?xml version="1.0" encoding="UTF-8"?>
<!-- Generated by org.testng.reporters.JUnitReportReporter -->
<testsuite hostname="DESKTOP-HJ18R61" name="groupExecution.SecondTest" tests="3" failures="0" timestamp="26 Jan 2023 09:47:25 GMT" time="0.007" errors="0">
  <testcase name="test1" time="0.003" classname="groupExecution.SecondTest"/>
  <testcase name="test2" time="0.003" classname="groupExecution.SecondTest"/>
  <testcase name="test0" time="0.001" classname="groupExecution.SecondTest"/>
</testsuite> <!-- groupExecution.SecondTest -->
