<?xml version="1.0" encoding="UTF-8"?>
<!-- Generated by org.testng.reporters.JUnitReportReporter -->
<testsuite hostname="DESKTOP-HJ18R61" name="groupExecution.ThirdTest" tests="3" failures="0" timestamp="26 Jan 2023 09:47:25 GMT" time="0.024" errors="0">
  <testcase name="test1" time="0.002" classname="groupExecution.ThirdTest"/>
  <testcase name="test2" time="0.003" classname="groupExecution.ThirdTest"/>
  <testcase name="test0" time="0.019" classname="groupExecution.ThirdTest"/>
</testsuite> <!-- groupExecution.ThirdTest -->
