<?xml version="1.0" encoding="UTF-8"?>
<!-- Generated by org.testng.reporters.JUnitReportReporter -->
<testsuite hostname="DESKTOP-HJ18R61" name="testForListener.Test3" tests="1" failures="0" timestamp="28 Jan 2023 11:44:05 GMT" time="0.016" errors="0">
  <testcase name="test3" time="0.016" classname="testForListener.Test3"/>
</testsuite> <!-- testForListener.Test3 -->
