<?xml version="1.0" encoding="UTF-8"?>
<!-- Generated by org.testng.reporters.JUnitReportReporter -->
<testsuite hostname="DESKTOP-HJ18R61" name="testng.InvocationCountPractice" tests="10" failures="0" timestamp="24 Jan 2023 11:59:20 GMT" time="0.085" errors="0">
  <testcase name="demo1" time="0.028" classname="testng.InvocationCountPractice"/>
  <testcase name="demo1" time="0.007" classname="testng.InvocationCountPractice"/>
  <testcase name="demo4" time="0.004" classname="testng.InvocationCountPractice"/>
  <testcase name="demo1" time="0.011" classname="testng.InvocationCountPractice"/>
  <testcase name="demo4" time="0.002" classname="testng.InvocationCountPractice"/>
  <testcase name="demo2" time="0.006" classname="testng.InvocationCountPractice"/>
  <testcase name="demo3" time="0.002" classname="testng.InvocationCountPractice"/>
  <testcase name="demo4" time="0.005" classname="testng.InvocationCountPractice"/>
  <testcase name="demo3" time="0.003" classname="testng.InvocationCountPractice"/>
  <testcase name="demo4" time="0.017" classname="testng.InvocationCountPractice"/>
</testsuite> <!-- testng.InvocationCountPractice -->
