<?xml version="1.0" encoding="UTF-8"?>
<!-- Generated by org.testng.reporters.JUnitReportReporter -->
<testsuite hostname="DESKTOP-HJ18R61" name="seleniumGrid.Practice1" tests="3" failures="0" timestamp="3 Feb 2023 11:05:02 GMT" time="94.306" errors="0">
  <testcase name="demo" time="54.598" classname="seleniumGrid.Practice1"/>
  <testcase name="demo" time="15.131" classname="seleniumGrid.Practice1"/>
  <testcase name="demo" time="24.577" classname="seleniumGrid.Practice1"/>
</testsuite> <!-- seleniumGrid.Practice1 -->
