<?xml version="1.0" encoding="UTF-8"?>
<!-- Generated by org.testng.reporters.JUnitReportReporter -->
<testsuite hostname="DESKTOP-HJ18R61" name="crossBrowserParallel.SwiggyTest" tests="3" failures="0" timestamp="26 Jan 2023 13:46:49 GMT" time="265.584" errors="0">
  <testcase name="demoTest" time="81.020" classname="crossBrowserParallel.SwiggyTest"/>
  <testcase name="demoTest" time="79.694" classname="crossBrowserParallel.SwiggyTest"/>
  <testcase name="demoTest" time="104.870" classname="crossBrowserParallel.SwiggyTest"/>
</testsuite> <!-- crossBrowserParallel.SwiggyTest -->
