<?xml version="1.0" encoding="UTF-8"?>
<!-- Generated by org.testng.reporters.JUnitReportReporter -->
<testsuite hostname="DESKTOP-HJ18R61" name="dataprovider.PracticeTest1" tests="3" failures="0" timestamp="30 Jan 2023 12:15:05 GMT" time="0.029" errors="0">
  <testcase name="bookTicketTest" time="0.004" classname="dataprovider.PracticeTest1"/>
  <testcase name="bookTicketTest" time="0.002" classname="dataprovider.PracticeTest1"/>
  <testcase name="bookTicketTest" time="0.023" classname="dataprovider.PracticeTest1"/>
</testsuite> <!-- dataprovider.PracticeTest1 -->
