<?xml version="1.0" encoding="UTF-8"?>
<!-- Generated by org.testng.reporters.JUnitReportReporter -->
<testsuite hostname="DESKTOP-HJ18R61" name="testng.DisableTestCasePractice" tests="9" failures="0" timestamp="24 Jan 2023 12:30:58 GMT" time="0.070" errors="0">
  <testcase name="demo1" time="0.025" classname="testng.DisableTestCasePractice"/>
  <testcase name="demo1" time="0.005" classname="testng.DisableTestCasePractice"/>
  <testcase name="demo4" time="0.004" classname="testng.DisableTestCasePractice"/>
  <testcase name="demo1" time="0.004" classname="testng.DisableTestCasePractice"/>
  <testcase name="demo4" time="0.004" classname="testng.DisableTestCasePractice"/>
  <testcase name="demo3" time="0.006" classname="testng.DisableTestCasePractice"/>
  <testcase name="demo3" time="0.002" classname="testng.DisableTestCasePractice"/>
  <testcase name="demo4" time="0.002" classname="testng.DisableTestCasePractice"/>
  <testcase name="demo4" time="0.018" classname="testng.DisableTestCasePractice"/>
</testsuite> <!-- testng.DisableTestCasePractice -->
